{"name": "test_boook[creds0]", "status": "failed", "statusDetails": {"message": "AssertionError: Test failed due to: Message: no such element: Unable to locate element: {\"method\":\"css selector\",\"selector\":\"[id=\"YGUYG\"]\"}\n    (Session info: chrome=133.0.6943.127); For documentation on this error, please visit: https://www.selenium.dev/documentation/webdriver/troubleshooting/errors#no-such-element-exception\n  Stacktrace:\n  \tGetHandleVerifier [0x00007FF6A4026EE5+28773]\n  \t(No symbol) [0x00007FF6A3F925D0]\n  \t(No symbol) [0x00007FF6A3E28FAA]\n  \t(No symbol) [0x00007FF6A3E7F286]\n  \t(No symbol) [0x00007FF6A3E7F4BC]\n  \t(No symbol) [0x00007FF6A3ED2A27]\n  \t(No symbol) [0x00007FF6A3EA728F]\n  \t(No symbol) [0x00007FF6A3ECF6F3]\n  \t(No symbol) [0x00007FF6A3EA7023]\n  \t(No symbol) [0x00007FF6A3E6FF5E]\n  \t(No symbol) [0x00007FF6A3E711E3]\n  \tGetHandleVerifier [0x00007FF6A437422D+3490733]\n  \tGetHandleVerifier [0x00007FF6A438BA13+3586963]\n  \tGetHandleVerifier [0x00007FF6A438144D+3544525]\n  \tGetHandleVerifier [0x00007FF6A40EC9AA+838442]\n  \t(No symbol) [0x00007FF6A3F9D01F]\n  \t(No symbol) [0x00007FF6A3F995E4]\n  \t(No symbol) [0x00007FF6A3F99786]\n  \t(No symbol) [0x00007FF6A3F88CB9]\n  \tBaseThreadInitThunk [0x00007FFE97CB259D+29]\n  \tRtlUserThreadStart [0x00007FFE9878AF38+40]\n  \nassert False", "trace": "self = <TDD.pageobject.test_book.Book object at 0x000001931F931C50>\ndriver = <selenium.webdriver.chrome.webdriver.WebDriver (session=\"70a47c76ba938a98971f457e5425ad21\")>\n\n    def verify_book(self,driver):\n        try:\n            driver.find_element(By.LINK_TEXT, Book.Books_xpath).click()\n            time.sleep(2)\n            driver.find_element(By.XPATH, Book.Addtocart1_xpath).click()\n            time.sleep(2)\n            driver.find_element(By.XPATH, Book.Addtocart2_xpath).click()\n            time.sleep(2)\n            driver.find_element(By.XPATH, Book.Addtocart3_xpath).click()\n            time.sleep(2)\n            driver.find_element(By.LINK_TEXT, \"Shopping cart\").click()\n            time.sleep(2)\n            a = driver.find_element(By.XPATH, \"//*[@class='cart']\")\n            b = a.find_elements(By.XPATH, \"//*[@class='cart-item-row']\")\n            count = len(b)\n            print(count)\n            c = driver.find_element(By.XPATH, \"//*[@class='cart-qty']\").text\n            d = f\"({count})\"\n            print(f\"Value of d: {d}\")\n>           driver.find_element(By.ID,\"YGUYG\").click()\n\n..\\pageobject\\test_book.py:33: \n_ _ _ _ _ _ _ _ _ _ _ _ _ _ _ _ _ _ _ _ _ _ _ _ _ _ _ _ _ _ _ _ _ _ _ _ _ _ _ _\n..\\..\\..\\..\\AppData\\Local\\Programs\\Python\\Python311\\Lib\\site-packages\\selenium\\webdriver\\remote\\webdriver.py:888: in find_element\n    return self.execute(Command.FIND_ELEMENT, {\"using\": by, \"value\": value})[\"value\"]\n..\\..\\..\\..\\AppData\\Local\\Programs\\Python\\Python311\\Lib\\site-packages\\selenium\\webdriver\\remote\\webdriver.py:429: in execute\n    self.error_handler.check_response(response)\n_ _ _ _ _ _ _ _ _ _ _ _ _ _ _ _ _ _ _ _ _ _ _ _ _ _ _ _ _ _ _ _ _ _ _ _ _ _ _ _\n\nself = <selenium.webdriver.remote.errorhandler.ErrorHandler object at 0x000001931F930450>\nresponse = {'status': 404, 'value': '{\"value\":{\"error\":\"no such element\",\"message\":\"no such element: Unable to locate element: {\\...07FF6A3F88CB9]\\\\n\\\\tBaseThreadInitThunk [0x00007FFE97CB259D+29]\\\\n\\\\tRtlUserThreadStart [0x00007FFE9878AF38+40]\\\\n\"}}'}\n\n    def check_response(self, response: Dict[str, Any]) -> None:\n        \"\"\"Checks that a JSON response from the WebDriver does not have an\n        error.\n    \n        :Args:\n         - response - The JSON response from the WebDriver server as a dictionary\n           object.\n    \n        :Raises: If the response contains an error message.\n        \"\"\"\n        status = response.get(\"status\", None)\n        if not status or status == ErrorCode.SUCCESS:\n            return\n        value = None\n        message = response.get(\"message\", \"\")\n        screen: str = response.get(\"screen\", \"\")\n        stacktrace = None\n        if isinstance(status, int):\n            value_json = response.get(\"value\", None)\n            if value_json and isinstance(value_json, str):\n                import json\n    \n                try:\n                    value = json.loads(value_json)\n                    if len(value) == 1:\n                        value = value[\"value\"]\n                    status = value.get(\"error\", None)\n                    if not status:\n                        status = value.get(\"status\", ErrorCode.UNKNOWN_ERROR)\n                        message = value.get(\"value\") or value.get(\"message\")\n                        if not isinstance(message, str):\n                            value = message\n                            message = message.get(\"message\")\n                    else:\n                        message = value.get(\"message\", None)\n                except ValueError:\n                    pass\n    \n        exception_class: Type[WebDriverException]\n        e = ErrorCode()\n        error_codes = [item for item in dir(e) if not item.startswith(\"__\")]\n        for error_code in error_codes:\n            error_info = getattr(ErrorCode, error_code)\n            if isinstance(error_info, list) and status in error_info:\n                exception_class = getattr(ExceptionMapping, error_code, WebDriverException)\n                break\n        else:\n            exception_class = WebDriverException\n    \n        if not value:\n            value = response[\"value\"]\n        if isinstance(value, str):\n            raise exception_class(value)\n        if message == \"\" and \"message\" in value:\n            message = value[\"message\"]\n    \n        screen = None  # type: ignore[assignment]\n        if \"screen\" in value:\n            screen = value[\"screen\"]\n    \n        stacktrace = None\n        st_value = value.get(\"stackTrace\") or value.get(\"stacktrace\")\n        if st_value:\n            if isinstance(st_value, str):\n                stacktrace = st_value.split(\"\\n\")\n            else:\n                stacktrace = []\n                try:\n                    for frame in st_value:\n                        line = frame.get(\"lineNumber\", \"\")\n                        file = frame.get(\"fileName\", \"<anonymous>\")\n                        if line:\n                            file = f\"{file}:{line}\"\n                        meth = frame.get(\"methodName\", \"<anonymous>\")\n                        if \"className\" in frame:\n                            meth = f\"{frame['className']}.{meth}\"\n                        msg = \"    at %s (%s)\"\n                        msg = msg % (meth, file)\n                        stacktrace.append(msg)\n                except TypeError:\n                    pass\n        if exception_class == UnexpectedAlertPresentException:\n            alert_text = None\n            if \"data\" in value:\n                alert_text = value[\"data\"].get(\"text\")\n            elif \"alert\" in value:\n                alert_text = value[\"alert\"].get(\"text\")\n            raise exception_class(message, screen, stacktrace, alert_text)  # type: ignore[call-arg]  # mypy is not smart enough here\n>       raise exception_class(message, screen, stacktrace)\nE       selenium.common.exceptions.NoSuchElementException: Message: no such element: Unable to locate element: {\"method\":\"css selector\",\"selector\":\"[id=\"YGUYG\"]\"}\nE         (Session info: chrome=133.0.6943.127); For documentation on this error, please visit: https://www.selenium.dev/documentation/webdriver/troubleshooting/errors#no-such-element-exception\nE       Stacktrace:\nE       \tGetHandleVerifier [0x00007FF6A4026EE5+28773]\nE       \t(No symbol) [0x00007FF6A3F925D0]\nE       \t(No symbol) [0x00007FF6A3E28FAA]\nE       \t(No symbol) [0x00007FF6A3E7F286]\nE       \t(No symbol) [0x00007FF6A3E7F4BC]\nE       \t(No symbol) [0x00007FF6A3ED2A27]\nE       \t(No symbol) [0x00007FF6A3EA728F]\nE       \t(No symbol) [0x00007FF6A3ECF6F3]\nE       \t(No symbol) [0x00007FF6A3EA7023]\nE       \t(No symbol) [0x00007FF6A3E6FF5E]\nE       \t(No symbol) [0x00007FF6A3E711E3]\nE       \tGetHandleVerifier [0x00007FF6A437422D+3490733]\nE       \tGetHandleVerifier [0x00007FF6A438BA13+3586963]\nE       \tGetHandleVerifier [0x00007FF6A438144D+3544525]\nE       \tGetHandleVerifier [0x00007FF6A40EC9AA+838442]\nE       \t(No symbol) [0x00007FF6A3F9D01F]\nE       \t(No symbol) [0x00007FF6A3F995E4]\nE       \t(No symbol) [0x00007FF6A3F99786]\nE       \t(No symbol) [0x00007FF6A3F88CB9]\nE       \tBaseThreadInitThunk [0x00007FFE97CB259D+29]\nE       \tRtlUserThreadStart [0x00007FFE9878AF38+40]\n\n..\\..\\..\\..\\AppData\\Local\\Programs\\Python\\Python311\\Lib\\site-packages\\selenium\\webdriver\\remote\\errorhandler.py:232: NoSuchElementException\n\nDuring handling of the above exception, another exception occurred:\n\nself = <test_testcase.Test_Case object at 0x00000193202C9290>\ndriver = <selenium.webdriver.chrome.webdriver.WebDriver (session=\"70a47c76ba938a98971f457e5425ad21\")>\ncreds = ['akhi11189121@gmail.com', '11189121']\n\n    @pytest.mark.parametrize(\"creds\",helper.user_list())\n    def test_boook(self,driver,creds):\n        helper.open_browser(driver)\n        demo.verify_login(driver,creds)\n>       book.verify_book(driver)\n\ntest_testcase.py:27: \n_ _ _ _ _ _ _ _ _ _ _ _ _ _ _ _ _ _ _ _ _ _ _ _ _ _ _ _ _ _ _ _ _ _ _ _ _ _ _ _\n\nself = <TDD.pageobject.test_book.Book object at 0x000001931F931C50>\ndriver = <selenium.webdriver.chrome.webdriver.WebDriver (session=\"70a47c76ba938a98971f457e5425ad21\")>\n\n    def verify_book(self,driver):\n        try:\n            driver.find_element(By.LINK_TEXT, Book.Books_xpath).click()\n            time.sleep(2)\n            driver.find_element(By.XPATH, Book.Addtocart1_xpath).click()\n            time.sleep(2)\n            driver.find_element(By.XPATH, Book.Addtocart2_xpath).click()\n            time.sleep(2)\n            driver.find_element(By.XPATH, Book.Addtocart3_xpath).click()\n            time.sleep(2)\n            driver.find_element(By.LINK_TEXT, \"Shopping cart\").click()\n            time.sleep(2)\n            a = driver.find_element(By.XPATH, \"//*[@class='cart']\")\n            b = a.find_elements(By.XPATH, \"//*[@class='cart-item-row']\")\n            count = len(b)\n            print(count)\n            c = driver.find_element(By.XPATH, \"//*[@class='cart-qty']\").text\n            d = f\"({count})\"\n            print(f\"Value of d: {d}\")\n            driver.find_element(By.ID,\"YGUYG\").click()\n            if d == c:\n                print(\"same\")\n            else:\n                print(\"not\")\n    \n    \n        except Exception as e:\n            helper.record_error(driver, e)\n>           assert False, f\"Test failed due to: {str(e)}\"\nE           AssertionError: Test failed due to: Message: no such element: Unable to locate element: {\"method\":\"css selector\",\"selector\":\"[id=\"YGUYG\"]\"}\nE               (Session info: chrome=133.0.6943.127); For documentation on this error, please visit: https://www.selenium.dev/documentation/webdriver/troubleshooting/errors#no-such-element-exception\nE             Stacktrace:\nE             \tGetHandleVerifier [0x00007FF6A4026EE5+28773]\nE             \t(No symbol) [0x00007FF6A3F925D0]\nE             \t(No symbol) [0x00007FF6A3E28FAA]\nE             \t(No symbol) [0x00007FF6A3E7F286]\nE             \t(No symbol) [0x00007FF6A3E7F4BC]\nE             \t(No symbol) [0x00007FF6A3ED2A27]\nE             \t(No symbol) [0x00007FF6A3EA728F]\nE             \t(No symbol) [0x00007FF6A3ECF6F3]\nE             \t(No symbol) [0x00007FF6A3EA7023]\nE             \t(No symbol) [0x00007FF6A3E6FF5E]\nE             \t(No symbol) [0x00007FF6A3E711E3]\nE             \tGetHandleVerifier [0x00007FF6A437422D+3490733]\nE             \tGetHandleVerifier [0x00007FF6A438BA13+3586963]\nE             \tGetHandleVerifier [0x00007FF6A438144D+3544525]\nE             \tGetHandleVerifier [0x00007FF6A40EC9AA+838442]\nE             \t(No symbol) [0x00007FF6A3F9D01F]\nE             \t(No symbol) [0x00007FF6A3F995E4]\nE             \t(No symbol) [0x00007FF6A3F99786]\nE             \t(No symbol) [0x00007FF6A3F88CB9]\nE             \tBaseThreadInitThunk [0x00007FFE97CB259D+29]\nE             \tRtlUserThreadStart [0x00007FFE9878AF38+40]\nE             \nE           assert False\n\n..\\pageobject\\test_book.py:42: AssertionError"}, "attachments": [{"name": "stdout", "source": "fbc9a0d8-400b-48e4-ba6f-4333226b4ee8-attachment.txt", "type": "text/plain"}], "parameters": [{"name": "creds", "value": "['akhi11189121@gmail.com', '11189121']"}], "start": 1740139745513, "stop": 1740139764988, "uuid": "1f0e1833-89f1-4fba-9231-c447b7f4bd70", "historyId": "9df6d38b5902add26c2dbacad0bb6a14", "testCaseId": "f8322ffda3dbf0c05297c419c61a815a", "fullName": "testcases.test_testcase.Test_Case#test_boook", "labels": [{"name": "parentSuite", "value": "testcases"}, {"name": "suite", "value": "test_testcase"}, {"name": "subSuite", "value": "Test_Case"}, {"name": "host", "value": "LAPTOP-U3Q4N1TL"}, {"name": "thread", "value": "38280-MainThread"}, {"name": "framework", "value": "pytest"}, {"name": "language", "value": "cpython3"}, {"name": "package", "value": "testcases.test_testcase"}]}